This is pdfTeX, Version 3.14159265-2.6-1.40.18 (MiKTeX 2.9.6600 64-bit) (preloaded format=pdflatex 2018.3.4)  23 APR 2018 22:23
entering extended mode
**"C:/Users/Tom/Documents/3e Bach/BacherlorProef/ArduinoProject/Definitief/Vers
lag/thesis.tex"

("C:/Users/Tom/Documents/3e Bach/BacherlorProef/ArduinoProject/Definitief/Versl
ag/thesis.tex"
LaTeX2e <2017-04-15>
Babel <3.17> and hyphenation patterns for 75 language(s) loaded.
("C:\Users\Tom\AppData\Local\Programs\MiKTeX 2.9\tex\latex\base\report.cls"
Document Class: report 2014/09/29 v1.4h Standard LaTeX document class
("C:\Users\Tom\AppData\Local\Programs\MiKTeX 2.9\tex\latex\base\size11.clo"
File: size11.clo 2014/09/29 v1.4h Standard LaTeX file (size option)
)
\c@part=\count79
\c@chapter=\count80
\c@section=\count81
\c@subsection=\count82
\c@subsubsection=\count83
\c@paragraph=\count84
\c@subparagraph=\count85
\c@figure=\count86
\c@table=\count87
\abovecaptionskip=\skip41
\belowcaptionskip=\skip42
\bibindent=\dimen102
)
("C:\Users\Tom\AppData\Local\Programs\MiKTeX 2.9\tex\latex\geometry\geometry.st
y"
Package: geometry 2010/09/12 v5.6 Page Geometry

("C:\Users\Tom\AppData\Local\Programs\MiKTeX 2.9\tex\latex\graphics\keyval.sty"
Package: keyval 2014/10/28 v1.15 key=value parser (DPC)
\KV@toks@=\toks14
)
("C:\Users\Tom\AppData\Local\Programs\MiKTeX 2.9\tex\generic\oberdiek\ifpdf.sty
"
Package: ifpdf 2017/03/15 v3.2 Provides the ifpdf switch
)
("C:\Users\Tom\AppData\Local\Programs\MiKTeX 2.9\tex\generic\oberdiek\ifvtex.st
y"
Package: ifvtex 2016/05/16 v1.6 Detect VTeX and its facilities (HO)
Package ifvtex Info: VTeX not detected.
)
("C:\Users\Tom\AppData\Local\Programs\MiKTeX 2.9\tex\generic\ifxetex\ifxetex.st
y"
Package: ifxetex 2010/09/12 v0.6 Provides ifxetex conditional
)
\Gm@cnth=\count88
\Gm@cntv=\count89
\c@Gm@tempcnt=\count90
\Gm@bindingoffset=\dimen103
\Gm@wd@mp=\dimen104
\Gm@odd@mp=\dimen105
\Gm@even@mp=\dimen106
\Gm@layoutwidth=\dimen107
\Gm@layoutheight=\dimen108
\Gm@layouthoffset=\dimen109
\Gm@layoutvoffset=\dimen110
\Gm@dimlist=\toks15

("C:\Users\Tom\AppData\Local\Programs\MiKTeX 2.9\tex\latex\geometry\geometry.cf
g"))
("C:\Users\Tom\AppData\Local\Programs\MiKTeX 2.9\tex\generic\babel\babel.sty"
Package: babel 2018/01/24 3.17 The Babel package

("C:\Users\Tom\AppData\Local\Programs\MiKTeX 2.9\tex\generic\babel\switch.def"
File: switch.def 2018/01/24 3.17 Babel switching mechanism
)
*************************************
* Local config file bblopts.cfg used
*
("C:\Users\Tom\AppData\Local\Programs\MiKTeX 2.9\tex\latex\arabi\bblopts.cfg"
File: bblopts.cfg 2005/09/08 v0.1 add Arabic and Farsi to "declared" options of
 babel
)
("C:\Users\Tom\AppData\Local\Programs\MiKTeX 2.9\tex\latex\babel-dutch\dutch.ld
f"
Language: dutch 2005/03/30 v3.8i Dutch support from the babel system
 ("C:\Users\Tom\AppData\Local\Programs\MiKTeX 2.9\tex\generic\babel\babel.def"
File: babel.def 2018/01/24 3.17 Babel common definitions
 ("C:\Users\Tom\AppData\Local\Programs\MiKTeX 2.9\tex\generic\babel\switch.def"
File: switch.def 2018/01/24 3.17 Babel switching mechanism
)
\babel@savecnt=\count91
\U@D=\dimen111

("C:\Users\Tom\AppData\Local\Programs\MiKTeX 2.9\tex\generic\babel\txtbabel.def
")
\bbl@dirlevel=\count92
)
Package babel Info: Making " an active character on input line 132.
))
("C:\Users\Tom\AppData\Local\Programs\MiKTeX 2.9\tex\latex\graphics\graphicx.st
y"
Package: graphicx 2017/06/01 v1.1a Enhanced LaTeX Graphics (DPC,SPQR)

("C:\Users\Tom\AppData\Local\Programs\MiKTeX 2.9\tex\latex\graphics\graphics.st
y"
Package: graphics 2017/06/25 v1.2c Standard LaTeX Graphics (DPC,SPQR)
 ("C:\Users\Tom\AppData\Local\Programs\MiKTeX 2.9\tex\latex\graphics\trig.sty"
Package: trig 2016/01/03 v1.10 sin cos tan (DPC)
)
("C:\Users\Tom\AppData\Local\Programs\MiKTeX 2.9\tex\latex\graphics-cfg\graphic
s.cfg"
File: graphics.cfg 2016/06/04 v1.11 sample graphics configuration
)
Package graphics Info: Driver file: pdftex.def on input line 99.

("C:\Users\Tom\AppData\Local\Programs\MiKTeX 2.9\tex\latex\graphics-def\pdftex.
def"
File: pdftex.def 2018/01/08 v1.0l Graphics/color driver for pdftex
))
\Gin@req@height=\dimen112
\Gin@req@width=\dimen113
)
("C:\Users\Tom\AppData\Local\Programs\MiKTeX 2.9\tex\latex\base\inputenc.sty"
Package: inputenc 2015/03/17 v1.2c Input encoding file
\inpenc@prehook=\toks16
\inpenc@posthook=\toks17

("C:\Users\Tom\AppData\Local\Programs\MiKTeX 2.9\tex\latex\base\latin1.def"
File: latin1.def 2015/03/17 v1.2c Input encoding file
))
("C:\Users\Tom\AppData\Local\Programs\MiKTeX 2.9\tex\latex\natbib\natbib.sty"
Package: natbib 2010/09/13 8.31b (PWD, AO)
\bibhang=\skip43
\bibsep=\skip44
LaTeX Info: Redefining \cite on input line 694.
\c@NAT@ctr=\count93
)
("C:\Users\Tom\AppData\Local\Programs\MiKTeX 2.9\tex\latex\listings\listings.st
y"
\lst@mode=\count94
\lst@gtempboxa=\box26
\lst@token=\toks18
\lst@length=\count95
\lst@currlwidth=\dimen114
\lst@column=\count96
\lst@pos=\count97
\lst@lostspace=\dimen115
\lst@width=\dimen116
\lst@newlines=\count98
\lst@lineno=\count99
\lst@maxwidth=\dimen117

("C:\Users\Tom\AppData\Local\Programs\MiKTeX 2.9\tex\latex\listings\lstmisc.sty
"
File: lstmisc.sty 2015/06/04 1.6 (Carsten Heinz)
\c@lstnumber=\count100
\lst@skipnumbers=\count101
\lst@framebox=\box27
)
("C:\Users\Tom\AppData\Local\Programs\MiKTeX 2.9\tex\latex\listings\listings.cf
g"
File: listings.cfg 2015/06/04 1.6 listings configuration
))
Package: listings 2015/06/04 1.6 (Carsten Heinz)

("C:\Users\Tom\AppData\Local\Programs\MiKTeX 2.9\tex\latex\tools\verbatim.sty"
Package: verbatim 2014/10/28 v1.5q LaTeX2e package for verbatim enhancements
\every@verbatim=\toks19
\verbatim@line=\toks20
\verbatim@in@stream=\read1
)
("C:\Users\Tom\AppData\Local\Programs\MiKTeX 2.9\tex\latex\hyperref\hyperref.st
y"
Package: hyperref 2018/02/06 v6.86b Hypertext links for LaTeX

("C:\Users\Tom\AppData\Local\Programs\MiKTeX 2.9\tex\generic\oberdiek\hobsub-hy
perref.sty"
Package: hobsub-hyperref 2016/05/16 v1.14 Bundle oberdiek, subset hyperref (HO)


("C:\Users\Tom\AppData\Local\Programs\MiKTeX 2.9\tex\generic\oberdiek\hobsub-ge
neric.sty"
Package: hobsub-generic 2016/05/16 v1.14 Bundle oberdiek, subset generic (HO)
Package: hobsub 2016/05/16 v1.14 Construct package bundles (HO)
Package: infwarerr 2016/05/16 v1.4 Providing info/warning/error messages (HO)
Package: ltxcmds 2016/05/16 v1.23 LaTeX kernel commands for general use (HO)
Package: ifluatex 2016/05/16 v1.4 Provides the ifluatex switch (HO)
Package ifluatex Info: LuaTeX not detected.
Package hobsub Info: Skipping package `ifvtex' (already loaded).
Package: intcalc 2016/05/16 v1.2 Expandable calculations with integers (HO)
Package hobsub Info: Skipping package `ifpdf' (already loaded).
Package: etexcmds 2016/05/16 v1.6 Avoid name clashes with e-TeX commands (HO)
Package etexcmds Info: Could not find \expanded.
(etexcmds)             That can mean that you are not using pdfTeX 1.50 or
(etexcmds)             that some package has redefined \expanded.
(etexcmds)             In the latter case, load this package earlier.
Package: kvsetkeys 2016/05/16 v1.17 Key value parser (HO)
Package: kvdefinekeys 2016/05/16 v1.4 Define keys (HO)
Package: pdftexcmds 2018/01/21 v0.26 Utility functions of pdfTeX for LuaTeX (HO
)
Package pdftexcmds Info: LuaTeX not detected.
Package pdftexcmds Info: \pdf@primitive is available.
Package pdftexcmds Info: \pdf@ifprimitive is available.
Package pdftexcmds Info: \pdfdraftmode found.
Package: pdfescape 2016/05/16 v1.14 Implements pdfTeX's escape features (HO)
Package: bigintcalc 2016/05/16 v1.4 Expandable calculations on big integers (HO
)
Package: bitset 2016/05/16 v1.2 Handle bit-vector datatype (HO)
Package: uniquecounter 2016/05/16 v1.3 Provide unlimited unique counter (HO)
)
Package hobsub Info: Skipping package `hobsub' (already loaded).
Package: letltxmacro 2016/05/16 v1.5 Let assignment for LaTeX macros (HO)
Package: hopatch 2016/05/16 v1.3 Wrapper for package hooks (HO)
Package: xcolor-patch 2016/05/16 xcolor patch
Package: atveryend 2016/05/16 v1.9 Hooks at the very end of document (HO)
Package atveryend Info: \enddocument detected (standard20110627).
Package: atbegshi 2016/06/09 v1.18 At begin shipout hook (HO)
Package: refcount 2016/05/16 v3.5 Data extraction from label references (HO)
Package: hycolor 2016/05/16 v1.8 Color options for hyperref/bookmark (HO)
)
("C:\Users\Tom\AppData\Local\Programs\MiKTeX 2.9\tex\latex\oberdiek\auxhook.sty
"
Package: auxhook 2016/05/16 v1.4 Hooks for auxiliary files (HO)
)
("C:\Users\Tom\AppData\Local\Programs\MiKTeX 2.9\tex\latex\oberdiek\kvoptions.s
ty"
Package: kvoptions 2016/05/16 v3.12 Key value format for package options (HO)
)
\@linkdim=\dimen118
\Hy@linkcounter=\count102
\Hy@pagecounter=\count103

("C:\Users\Tom\AppData\Local\Programs\MiKTeX 2.9\tex\latex\hyperref\pd1enc.def"
File: pd1enc.def 2018/02/06 v6.86b Hyperref: PDFDocEncoding definition (HO)
)
\Hy@SavedSpaceFactor=\count104

("C:\Users\Tom\AppData\Local\Programs\MiKTeX 2.9\tex\latex\00miktex\hyperref.cf
g"
File: hyperref.cfg 2002/06/06 v1.2 hyperref configuration of TeXLive
)
Package hyperref Info: Hyper figures OFF on input line 4509.
Package hyperref Info: Link nesting OFF on input line 4514.
Package hyperref Info: Hyper index ON on input line 4517.
Package hyperref Info: Plain pages OFF on input line 4524.
Package hyperref Info: Backreferencing OFF on input line 4529.
Package hyperref Info: Implicit mode ON; LaTeX internals redefined.
Package hyperref Info: Bookmarks ON on input line 4762.
\c@Hy@tempcnt=\count105
 ("C:\Users\Tom\AppData\Local\Programs\MiKTeX 2.9\tex\latex\url\url.sty"
\Urlmuskip=\muskip10
Package: url 2013/09/16  ver 3.4  Verb mode for urls, etc.
)
LaTeX Info: Redefining \url on input line 5115.
\XeTeXLinkMargin=\dimen119
\Fld@menulength=\count106
\Field@Width=\dimen120
\Fld@charsize=\dimen121
Package hyperref Info: Hyper figures OFF on input line 6369.
Package hyperref Info: Link nesting OFF on input line 6374.
Package hyperref Info: Hyper index ON on input line 6377.
Package hyperref Info: backreferencing OFF on input line 6384.
Package hyperref Info: Link coloring OFF on input line 6389.
Package hyperref Info: Link coloring with OCG OFF on input line 6394.
Package hyperref Info: PDF/A mode OFF on input line 6399.
LaTeX Info: Redefining \ref on input line 6439.
LaTeX Info: Redefining \pageref on input line 6443.
\Hy@abspage=\count107
\c@Item=\count108
\c@Hfootnote=\count109
)
Package hyperref Info: Driver (autodetected): hpdftex.

("C:\Users\Tom\AppData\Local\Programs\MiKTeX 2.9\tex\latex\hyperref\hpdftex.def
"
File: hpdftex.def 2018/02/06 v6.86b Hyperref driver for pdfTeX
\Fld@listcount=\count110
\c@bookmark@seq@number=\count111

("C:\Users\Tom\AppData\Local\Programs\MiKTeX 2.9\tex\latex\oberdiek\rerunfilech
eck.sty"
Package: rerunfilecheck 2016/05/16 v1.8 Rerun checks for auxiliary files (HO)
Package uniquecounter Info: New unique counter `rerunfilecheck' on input line 2
82.
)
\Hy@SectionHShift=\skip45
)
("C:\Users\Tom\AppData\Local\Programs\MiKTeX 2.9\tex\latex\caption\caption.sty"
Package: caption 2016/02/21 v3.3-144 Customizing captions (AR)
("C:\Users\Tom\AppData\Local\Programs\MiKTeX 2.9\tex\latex\caption\caption3.sty
"
Package: caption3 2016/05/22 v1.7-166 caption3 kernel (AR)
Package caption3 Info: TeX engine: e-TeX on input line 67.
\captionmargin=\dimen122
\captionmargin@=\dimen123
\captionwidth=\dimen124
\caption@tempdima=\dimen125
\caption@indent=\dimen126
\caption@parindent=\dimen127
\caption@hangindent=\dimen128
)
\c@ContinuedFloat=\count112
Package caption Info: hyperref package is loaded.
Package caption Info: listings package is loaded.
)
("C:\Users\Tom\AppData\Local\Programs\MiKTeX 2.9\tex\latex\pdfpages\pdfpages.st
y"
Package: pdfpages 2017/10/31 v0.5l Insert pages of external PDF documents (AM)
 ("C:\Users\Tom\AppData\Local\Programs\MiKTeX 2.9\tex\latex\base\ifthen.sty"
Package: ifthen 2014/09/29 v1.1c Standard LaTeX ifthen package (DPC)
) ("C:\Users\Tom\AppData\Local\Programs\MiKTeX 2.9\tex\latex\tools\calc.sty"
Package: calc 2014/10/28 v4.3 Infix arithmetic (KKT,FJ)
\calc@Acount=\count113
\calc@Bcount=\count114
\calc@Adimen=\dimen129
\calc@Bdimen=\dimen130
\calc@Askip=\skip46
\calc@Bskip=\skip47
LaTeX Info: Redefining \setlength on input line 80.
LaTeX Info: Redefining \addtolength on input line 81.
\calc@Ccount=\count115
\calc@Cskip=\skip48
)
("C:\Users\Tom\AppData\Local\Programs\MiKTeX 2.9\tex\latex\eso-pic\eso-pic.sty"
Package: eso-pic 2015/07/21 v2.0g eso-pic (RN)
("C:\Users\Tom\AppData\Local\Programs\MiKTeX 2.9\tex\latex\xcolor\xcolor.sty"
Package: xcolor 2016/05/11 v2.12 LaTeX color extensions (UK)

("C:\Users\Tom\AppData\Local\Programs\MiKTeX 2.9\tex\latex\graphics-cfg\color.c
fg"
File: color.cfg 2016/01/02 v1.6 sample color configuration
)
Package xcolor Info: Driver file: pdftex.def on input line 225.
Package xcolor Info: Model `cmy' substituted by `cmy0' on input line 1348.
Package xcolor Info: Model `hsb' substituted by `rgb' on input line 1352.
Package xcolor Info: Model `RGB' extended on input line 1364.
Package xcolor Info: Model `HTML' substituted by `rgb' on input line 1366.
Package xcolor Info: Model `Hsb' substituted by `hsb' on input line 1367.
Package xcolor Info: Model `tHsb' substituted by `hsb' on input line 1368.
Package xcolor Info: Model `HSB' substituted by `hsb' on input line 1369.
Package xcolor Info: Model `Gray' substituted by `gray' on input line 1370.
Package xcolor Info: Model `wave' substituted by `hsb' on input line 1371.
))
\AM@pagewidth=\dimen131
\AM@pageheight=\dimen132

("C:\Users\Tom\AppData\Local\Programs\MiKTeX 2.9\tex\latex\pdfpages\pppdftex.de
f"
File: pppdftex.def 2017/10/31 v0.5l Pdfpages driver for pdfTeX (AM)
)
\AM@pagebox=\box28
\AM@global@opts=\toks21
\AM@toc@title=\toks22
\c@AM@survey=\count116
\AM@templatesizebox=\box29
)
("C:\Users\Tom\AppData\Local\Programs\MiKTeX 2.9\tex\latex\pslatex\pslatex.sty"
Package: pslatex 1996/07/24 v1.2 pslatex emulation (DPC)
LaTeX Font Info:    Redeclaring symbol font `operators' on input line 65.
LaTeX Font Info:    Overwriting symbol font `operators' in version `normal'
(Font)                  OT1/cmr/m/n --> OT1/ptmcm/m/n on input line 65.
LaTeX Font Info:    Overwriting symbol font `operators' in version `bold'
(Font)                  OT1/cmr/bx/n --> OT1/ptmcm/m/n on input line 65.
LaTeX Font Info:    Redeclaring symbol font `letters' on input line 66.
LaTeX Font Info:    Overwriting symbol font `letters' in version `normal'
(Font)                  OML/cmm/m/it --> OML/ptmcm/m/it on input line 66.
LaTeX Font Info:    Overwriting symbol font `letters' in version `bold'
(Font)                  OML/cmm/b/it --> OML/ptmcm/m/it on input line 66.
LaTeX Font Info:    Redeclaring symbol font `symbols' on input line 67.
LaTeX Font Info:    Overwriting symbol font `symbols' in version `normal'
(Font)                  OMS/cmsy/m/n --> OMS/pzccm/m/n on input line 67.
LaTeX Font Info:    Overwriting symbol font `symbols' in version `bold'
(Font)                  OMS/cmsy/b/n --> OMS/pzccm/m/n on input line 67.
LaTeX Font Info:    Redeclaring symbol font `largesymbols' on input line 68.
LaTeX Font Info:    Overwriting symbol font `largesymbols' in version `normal'
(Font)                  OMX/cmex/m/n --> OMX/psycm/m/n on input line 68.
LaTeX Font Info:    Overwriting symbol font `largesymbols' in version `bold'
(Font)                  OMX/cmex/m/n --> OMX/psycm/m/n on input line 68.
\symbold=\mathgroup4
\symitalic=\mathgroup5
LaTeX Font Info:    Redeclaring math alphabet \mathbf on input line 74.
LaTeX Font Info:    Overwriting math alphabet `\mathbf' in version `normal'
(Font)                  OT1/cmr/bx/n --> OT1/ptm/bx/n on input line 74.
LaTeX Font Info:    Overwriting math alphabet `\mathbf' in version `bold'
(Font)                  OT1/cmr/bx/n --> OT1/ptm/bx/n on input line 74.
LaTeX Font Info:    Redeclaring math alphabet \mathit on input line 75.
LaTeX Font Info:    Overwriting math alphabet `\mathit' in version `normal'
(Font)                  OT1/cmr/m/it --> OT1/ptm/m/it on input line 75.
LaTeX Font Info:    Overwriting math alphabet `\mathit' in version `bold'
(Font)                  OT1/cmr/bx/it --> OT1/ptm/m/it on input line 75.
) ("C:\Users\Tom\AppData\Local\Programs\MiKTeX 2.9\tex\latex\sectsty\sectsty.st
y"
Package: sectsty 2002/02/25 v2.0.2 Commands to change all sectional heading sty
les
) ("C:\Users\Tom\AppData\Local\Programs\MiKTeX 2.9\tex\latex\float\float.sty"
Package: float 2001/11/08 v1.3d Float enhancements (AL)
\c@float@type=\count117
\float@exts=\toks23
\float@box=\box30
\@float@everytoks=\toks24
\@floatcapt=\box31
)
("C:/Users/Tom/Documents/3e Bach/BacherlorProef/ArduinoProject/Definitief/Versl
ag\fiiw_gent.sty"
("C:\Users\Tom\AppData\Local\Programs\MiKTeX 2.9\tex\latex\parallel\parallel.st
y"
Package: parallel 2003/04/13, setting two texts parallel (me)
 `parallel': setting two texts parallel, (beta 4) 2003/04/13.
\ParallelLWidth=\dimen133
\ParallelRWidth=\dimen134
\ParallelTextWidth=\dimen135
\ParallelLeftMargin=\dimen136
\ParallelUserMidSkip=\dimen137
\ParallelMainMidSkip=\dimen138
\ParallelLBox=\box32
\ParallelRBox=\box33
\ParallelBoxVar=\box34
\ParallelLTok=\box35
\ParallelRTok=\box36
\ParallelBoolVar=\count118
\ParallelBoolMid=\count119
\ParallelWhichBox=\count120
\ParallelMainMode=\count121
\ParallelFNMode=\count122
\ParallelLFNCounter=\count123
\ParallelRFNCounter=\count124
\ParallelMaxFN=\count125
\ParallelFNNumMode=\count126
)
("C:\Users\Tom\AppData\Local\Programs\MiKTeX 2.9\tex\latex\textpos\textpos.sty"
Package: textpos 2016/06/07 v1.8
Package: textpos 2016/06/07 1.8, absolute positioning of text on the page
\TP@textbox=\box37
\TPHorizModule=\dimen139
\TPVertModule=\dimen140
\TP@margin=\dimen141
\TP@absmargin=\dimen142
Grid set 16 x 16 = 37.34424pt x 52.81541pt
\TPboxrulesize=\dimen143
\TP@tbargs=\toks25
\TP@prevdepth=\dimen144
)
("C:\Users\Tom\AppData\Local\Programs\MiKTeX 2.9\tex\latex\fancyhdr\fancyhdr.st
y"
Package: fancyhdr 2017/06/30 v3.9a Extensive control of page headers and footer
s
\f@nch@headwidth=\skip49
\f@nch@O@elh=\skip50
\f@nch@O@erh=\skip51
\f@nch@O@olh=\skip52
\f@nch@O@orh=\skip53
\f@nch@O@elf=\skip54
\f@nch@O@erf=\skip55
\f@nch@O@olf=\skip56
\f@nch@O@orf=\skip57
)

Package Fancyhdr Warning: \fancyhead's `E' option without twoside option is use
less on input line 32.


Package Fancyhdr Warning: \fancyhead's `E' option without twoside option is use
less on input line 33.

)
No file thesis.aux.
\openout1 = `thesis.aux'.

LaTeX Font Info:    Checking defaults for OML/cmm/m/it on input line 76.
LaTeX Font Info:    ... okay on input line 76.
LaTeX Font Info:    Checking defaults for T1/cmr/m/n on input line 76.
LaTeX Font Info:    ... okay on input line 76.
LaTeX Font Info:    Checking defaults for OT1/cmr/m/n on input line 76.
LaTeX Font Info:    ... okay on input line 76.
LaTeX Font Info:    Checking defaults for OMS/pzccm/m/n on input line 76.
LaTeX Font Info:    Try loading font information for OMS+pzccm on input line 76
.
("C:\Users\Tom\AppData\Local\Programs\MiKTeX 2.9\tex\latex\psnfss\omspzccm.fd"
File: omspzccm.fd 2000/01/03 Fontinst v1.801 font definitions for OMS/pzccm.
)
LaTeX Font Info:    ... okay on input line 76.
LaTeX Font Info:    Checking defaults for OMX/cmex/m/n on input line 76.
LaTeX Font Info:    ... okay on input line 76.
LaTeX Font Info:    Checking defaults for U/cmr/m/n on input line 76.
LaTeX Font Info:    ... okay on input line 76.
LaTeX Font Info:    Checking defaults for PD1/pdf/m/n on input line 76.
LaTeX Font Info:    ... okay on input line 76.
LaTeX Font Info:    Font shape `OT1/phv/m/n' will be
(Font)              scaled to size 9.85492pt on input line 76.
*geometry* driver: auto-detecting
*geometry* detected driver: pdftex
*geometry* verbose mode - [ preamble ] result:
* driver: pdftex
* paper: a4paper
* layout: <same size as paper>
* layoutoffset:(h,v)=(0.0pt,0.0pt)
* modes: 
* h-part:(L,W,R)=(99.58464pt, 426.79135pt, 71.13188pt)
* v-part:(T,H,B)=(99.58464pt, 645.87756pt, 99.58464pt)
* \paperwidth=597.50787pt
* \paperheight=845.04684pt
* \textwidth=426.79135pt
* \textheight=645.87756pt
* \oddsidemargin=27.31465pt
* \evensidemargin=27.31465pt
* \topmargin=-9.68535pt
* \headheight=14.0pt
* \headsep=25.0pt
* \topskip=11.0pt
* \footskip=30.0pt
* \marginparwidth=50.0pt
* \marginparsep=10.0pt
* \columnsep=10.0pt
* \skip\footins=10.0pt plus 4.0pt minus 2.0pt
* \hoffset=0.0pt
* \voffset=0.0pt
* \mag=1000
* \@twocolumnfalse
* \@twosidefalse
* \@mparswitchfalse
* \@reversemarginfalse
* (1in=72.27pt=25.4mm, 1cm=28.453pt)

("C:\Users\Tom\AppData\Local\Programs\MiKTeX 2.9\tex\context\base\supp-pdf.mkii
"
[Loading MPS to PDF converter (version 2006.09.02).]
\scratchcounter=\count127
\scratchdimen=\dimen145
\scratchbox=\box38
\nofMPsegments=\count128
\nofMParguments=\count129
\everyMPshowfont=\toks26
\MPscratchCnt=\count130
\MPscratchDim=\dimen146
\MPnumerator=\count131
\makeMPintoPDFobject=\count132
\everyMPtoPDFconversion=\toks27
)
("C:\Users\Tom\AppData\Local\Programs\MiKTeX 2.9\tex\latex\oberdiek\epstopdf-ba
se.sty"
Package: epstopdf-base 2016/05/15 v2.6 Base part for package epstopdf

("C:\Users\Tom\AppData\Local\Programs\MiKTeX 2.9\tex\latex\oberdiek\grfext.sty"
Package: grfext 2016/05/16 v1.2 Manage graphics extensions (HO)
)
Package epstopdf-base Info: Redefining graphics rule for `.eps' on input line 4
38.
Package grfext Info: Graphics extension search list:
(grfext)             [.pdf,.png,.jpg,.mps,.jpeg,.jbig2,.jb2,.PDF,.PNG,.JPG,.JPE
G,.JBIG2,.JB2,.eps]
(grfext)             \AppendGraphicsExtensions on input line 456.
)
\c@lstlisting=\count133
\AtBeginShipoutBox=\box39
Package hyperref Info: Link coloring OFF on input line 76.

("C:\Users\Tom\AppData\Local\Programs\MiKTeX 2.9\tex\latex\hyperref\nameref.sty
"
Package: nameref 2016/05/21 v2.44 Cross-referencing by name of section

("C:\Users\Tom\AppData\Local\Programs\MiKTeX 2.9\tex\generic\oberdiek\gettitles
tring.sty"
Package: gettitlestring 2016/05/16 v1.5 Cleanup title references (HO)
)
\c@section@level=\count134
)
LaTeX Info: Redefining \ref on input line 76.
LaTeX Info: Redefining \pageref on input line 76.
LaTeX Info: Redefining \nameref on input line 76.
\@outlinefile=\write3
\openout3 = `thesis.out'.

Package caption Info: Begin \AtBeginDocument code.
Package caption Info: float package is loaded.
Package caption Info: End \AtBeginDocument code.

("C:\Users\Tom\AppData\Local\Programs\MiKTeX 2.9\tex\latex\oberdiek\pdflscape.s
ty"
Package: pdflscape 2016/05/14 v0.11 Display of landscape pages in PDF (HO)

("C:\Users\Tom\AppData\Local\Programs\MiKTeX 2.9\tex\latex\graphics\lscape.sty"
Package: lscape 2000/10/22 v3.01 Landscape Pages (DPC)
)
Package pdflscape Info: Auto-detected driver: pdftex on input line 81.
)
<cover_fiiw_gent.pdf, id=3, 597.432pt x 845.07718pt>
File: cover_fiiw_gent.pdf Graphic file (type pdf)
<use cover_fiiw_gent.pdf>
Package pdftex.def Info: cover_fiiw_gent.pdf  used on input line 79.
(pdftex.def)             Requested size: 597.50787pt x 845.25565pt.
LaTeX Font Info:    Font shape `OT1/phv/m/n' will be
(Font)              scaled to size 35.99976pt on input line 79.
LaTeX Font Info:    Font shape `OT1/phv/m/n' will be
(Font)              scaled to size 15.55188pt on input line 79.

Underfull \hbox (badness 10000) in paragraph at lines 79--79

 []


Underfull \hbox (badness 10000) in paragraph at lines 79--79

 []

LaTeX Font Info:    Font shape `OT1/phv/bx/n' in size <17.28> not available
(Font)              Font shape `OT1/phv/b/n' tried instead on input line 79.
LaTeX Font Info:    Font shape `OT1/phv/b/n' will be
(Font)              scaled to size 15.55188pt on input line 79.
LaTeX Font Info:    Font shape `OT1/phv/m/n' will be
(Font)              scaled to size 10.79993pt on input line 79.

Underfull \hbox (badness 10000) in paragraph at lines 79--79

 []

LaTeX Font Info:    Try loading font information for OT1+ptmcm on input line 79
.
("C:\Users\Tom\AppData\Local\Programs\MiKTeX 2.9\tex\latex\psnfss\ot1ptmcm.fd"
File: ot1ptmcm.fd 2000/01/03 Fontinst v1.801 font definitions for OT1/ptmcm.
)
LaTeX Font Info:    Try loading font information for OML+ptmcm on input line 79
.
("C:\Users\Tom\AppData\Local\Programs\MiKTeX 2.9\tex\latex\psnfss\omlptmcm.fd"
File: omlptmcm.fd 2000/01/03 Fontinst v1.801 font definitions for OML/ptmcm.
)
LaTeX Font Info:    Try loading font information for OMX+psycm on input line 79
.
("C:\Users\Tom\AppData\Local\Programs\MiKTeX 2.9\tex\latex\psnfss\omxpsycm.fd"
File: omxpsycm.fd 2000/01/03 Fontinst v1.801 font definitions for OMX/psycm.
)
LaTeX Font Info:    Font shape `OT1/ptm/bx/n' in size <12> not available
(Font)              Font shape `OT1/ptm/b/n' tried instead on input line 79.
LaTeX Font Info:    Font shape `OT1/ptm/bx/n' in size <9> not available
(Font)              Font shape `OT1/ptm/b/n' tried instead on input line 79.
LaTeX Font Info:    Font shape `OT1/ptm/bx/n' in size <7> not available
(Font)              Font shape `OT1/ptm/b/n' tried instead on input line 79.
Package babel Info: Redefining dutch shorthand "|
(babel)             in language  on input line 79.
Package babel Info: Redefining dutch shorthand "~
(babel)             in language  on input line 79.
Package babel Info: Redefining dutch shorthand "|
(babel)             in language  on input line 79.
Package babel Info: Redefining dutch shorthand "~
(babel)             in language  on input line 79.
[1

{C:/Users/Tom/AppData/Local/MiKTeX/2.9/pdftex/config/pdftex.map} <C:/Users/Tom/
Documents/3e Bach/BacherlorProef/ArduinoProject/Definitief/Verslag/cover_fiiw_g
ent.pdf>]
LaTeX Font Info:    Try loading font information for OMS+phv on input line 79.

("C:\Users\Tom\AppData\Local\Programs\MiKTeX 2.9\tex\latex\psnfss\omsphv.fd"
File: omsphv.fd 
)
LaTeX Font Info:    Font shape `OMS/phv/m/n' in size <10.95> not available
(Font)              Font shape `OMS/cmsy/m/n' tried instead on input line 79.

Underfull \hbox (badness 10000) in paragraph at lines 79--79

 []


Underfull \hbox (badness 10000) in paragraph at lines 79--79

 []

Package babel Info: Redefining dutch shorthand "|
(babel)             in language  on input line 79.
Package babel Info: Redefining dutch shorthand "~
(babel)             in language  on input line 79.
Package babel Info: Redefining dutch shorthand "|
(babel)             in language  on input line 79.
Package babel Info: Redefining dutch shorthand "~
(babel)             in language  on input line 79.
[2

]
LaTeX Font Info:    Font shape `OT1/phv/m/n' will be
(Font)              scaled to size 22.39185pt on input line 79.
LaTeX Font Info:    Font shape `OT1/phv/bx/n' in size <24.88> not available
(Font)              Font shape `OT1/phv/b/n' tried instead on input line 79.
LaTeX Font Info:    Font shape `OT1/phv/b/n' will be
(Font)              scaled to size 22.39185pt on input line 79.

("C:/Users/Tom/Documents/3e Bach/BacherlorProef/ArduinoProject/Definitief/Versl
ag\voorwoord.tex")
LaTeX Font Info:    Font shape `OT1/phv/m/n' will be
(Font)              scaled to size 7.19995pt on input line 79.
LaTeX Font Info:    Font shape `OT1/phv/bx/n' in size <8> not available
(Font)              Font shape `OT1/phv/b/n' tried instead on input line 79.
LaTeX Font Info:    Font shape `OT1/phv/b/n' will be
(Font)              scaled to size 7.19995pt on input line 79.
Package babel Info: Redefining dutch shorthand "|
(babel)             in language  on input line 79.
Package babel Info: Redefining dutch shorthand "~
(babel)             in language  on input line 79.
Package babel Info: Redefining dutch shorthand "|
(babel)             in language  on input line 79.
Package babel Info: Redefining dutch shorthand "~
(babel)             in language  on input line 79.
 [3


]
\tf@toc=\write4
\openout4 = `thesis.toc'.

Package babel Info: Redefining dutch shorthand "|
(babel)             in language  on input line 79.
Package babel Info: Redefining dutch shorthand "~
(babel)             in language  on input line 79.
Package babel Info: Redefining dutch shorthand "|
(babel)             in language  on input line 79.
Package babel Info: Redefining dutch shorthand "~
(babel)             in language  on input line 79.
 [4

]
\tf@lof=\write5
\openout5 = `thesis.lof'.

Package babel Info: Redefining dutch shorthand "|
(babel)             in language  on input line 79.
Package babel Info: Redefining dutch shorthand "~
(babel)             in language  on input line 79.
Package babel Info: Redefining dutch shorthand "|
(babel)             in language  on input line 79.
Package babel Info: Redefining dutch shorthand "~
(babel)             in language  on input line 79.
 [5

]
\tf@lot=\write6
\openout6 = `thesis.lot'.

Package babel Info: Redefining dutch shorthand "|
(babel)             in language  on input line 79.
Package babel Info: Redefining dutch shorthand "~
(babel)             in language  on input line 79.
Package babel Info: Redefining dutch shorthand "|
(babel)             in language  on input line 79.
Package babel Info: Redefining dutch shorthand "~
(babel)             in language  on input line 79.
 [6

]
("C:/Users/Tom/Documents/3e Bach/BacherlorProef/ArduinoProject/Definitief/Versl
ag\opdrachtbeschrijving.tex"
Hoofdstuk 1.
Package babel Info: Redefining dutch shorthand "|
(babel)             in language  on input line 2.
Package babel Info: Redefining dutch shorthand "~
(babel)             in language  on input line 2.
LaTeX Font Info:    Font shape `OT1/phv/m/n' will be
(Font)              scaled to size 18.66588pt on input line 2.
LaTeX Font Info:    Font shape `OT1/phv/bx/n' in size <20.74> not available
(Font)              Font shape `OT1/phv/b/n' tried instead on input line 2.
LaTeX Font Info:    Font shape `OT1/phv/b/n' will be
(Font)              scaled to size 18.66588pt on input line 2.
LaTeX Font Info:    Font shape `OT1/ptm/bx/n' in size <10.95> not available
(Font)              Font shape `OT1/ptm/b/n' tried instead on input line 3.
LaTeX Font Info:    Font shape `OT1/ptm/bx/n' in size <8> not available
(Font)              Font shape `OT1/ptm/b/n' tried instead on input line 3.
LaTeX Font Info:    Font shape `OT1/ptm/bx/n' in size <6> not available
(Font)              Font shape `OT1/ptm/b/n' tried instead on input line 3.
LaTeX Font Info:    Font shape `OT1/phv/m/n' will be
(Font)              scaled to size 8.09995pt on input line 3.
LaTeX Font Info:    Font shape `OT1/ptm/bx/n' in size <5> not available
(Font)              Font shape `OT1/ptm/b/n' tried instead on input line 3.
LaTeX Font Info:    Font shape `OT1/phv/m/n' will be
(Font)              scaled to size 6.29996pt on input line 3.
LaTeX Font Info:    Font shape `OT1/phv/bx/n' in size <10.95> not available
(Font)              Font shape `OT1/phv/b/n' tried instead on input line 3.
LaTeX Font Info:    Font shape `OT1/phv/b/n' will be
(Font)              scaled to size 9.85492pt on input line 3.

LaTeX Warning: Reference `verwijzing' on page 1 undefined on input line 3.


LaTeX Warning: Reference `verwijzing' on page 1 undefined on input line 3.

Package babel Info: Redefining dutch shorthand "|
(babel)             in language  on input line 4.
Package babel Info: Redefining dutch shorthand "~
(babel)             in language  on input line 4.
Package babel Info: Redefining dutch shorthand "|
(babel)             in language  on input line 4.
Package babel Info: Redefining dutch shorthand "~
(babel)             in language  on input line 4.
[1


]
Package babel Info: Redefining dutch shorthand "|
(babel)             in language  on input line 9.
Package babel Info: Redefining dutch shorthand "~
(babel)             in language  on input line 9.
Package babel Info: Redefining dutch shorthand "|
(babel)             in language  on input line 9.
Package babel Info: Redefining dutch shorthand "~
(babel)             in language  on input line 9.
 [2])
("C:/Users/Tom/Documents/3e Bach/BacherlorProef/ArduinoProject/Definitief/Versl
ag\taakverdeling.tex"
Package babel Info: Redefining dutch shorthand "|
(babel)             in language  on input line 2.
Package babel Info: Redefining dutch shorthand "~
(babel)             in language  on input line 2.
Package babel Info: Redefining dutch shorthand "|
(babel)             in language  on input line 2.
Package babel Info: Redefining dutch shorthand "~
(babel)             in language  on input line 2.
 [3]
Hoofdstuk 2.
Package babel Info: Redefining dutch shorthand "|
(babel)             in language  on input line 2.
Package babel Info: Redefining dutch shorthand "~
(babel)             in language  on input line 2.
)
("C:/Users/Tom/Documents/3e Bach/BacherlorProef/ArduinoProject/Definitief/Versl
ag\onkosten.tex"
Package babel Info: Redefining dutch shorthand "|
(babel)             in language  on input line 2.
Package babel Info: Redefining dutch shorthand "~
(babel)             in language  on input line 2.
Package babel Info: Redefining dutch shorthand "|
(babel)             in language  on input line 2.
Package babel Info: Redefining dutch shorthand "~
(babel)             in language  on input line 2.
 [4

]
Hoofdstuk 3.
Package babel Info: Redefining dutch shorthand "|
(babel)             in language  on input line 2.
Package babel Info: Redefining dutch shorthand "~
(babel)             in language  on input line 2.
)
("C:/Users/Tom/Documents/3e Bach/BacherlorProef/ArduinoProject/Definitief/Versl
ag\vormgevingRobot.tex"
Package babel Info: Redefining dutch shorthand "|
(babel)             in language  on input line 7.
Package babel Info: Redefining dutch shorthand "~
(babel)             in language  on input line 7.
Package babel Info: Redefining dutch shorthand "|
(babel)             in language  on input line 7.
Package babel Info: Redefining dutch shorthand "~
(babel)             in language  on input line 7.
 [5

]
Hoofdstuk 4.
Package babel Info: Redefining dutch shorthand "|
(babel)             in language  on input line 7.
Package babel Info: Redefining dutch shorthand "~
(babel)             in language  on input line 7.
LaTeX Font Info:    Font shape `OT1/phv/m/n' will be
(Font)              scaled to size 8.99994pt on input line 15.
LaTeX Font Info:    Font shape `OT1/phv/bx/n' in size <10> not available
(Font)              Font shape `OT1/phv/b/n' tried instead on input line 15.
LaTeX Font Info:    Font shape `OT1/phv/b/n' will be
(Font)              scaled to size 8.99994pt on input line 15.
LaTeX Font Info:    Font shape `OT1/phv/m/n' will be
(Font)              scaled to size 12.9599pt on input line 37.
LaTeX Font Info:    Font shape `OT1/phv/bx/n' in size <14.4> not available
(Font)              Font shape `OT1/phv/b/n' tried instead on input line 37.
LaTeX Font Info:    Font shape `OT1/phv/b/n' will be
(Font)              scaled to size 12.9599pt on input line 37.
Package babel Info: Redefining dutch shorthand "|
(babel)             in language  on input line 37.
Package babel Info: Redefining dutch shorthand "~
(babel)             in language  on input line 37.
)
("C:/Users/Tom/Documents/3e Bach/BacherlorProef/ArduinoProject/Definitief/Versl
ag\hardware.tex"
Package babel Info: Redefining dutch shorthand "|
(babel)             in language  on input line 2.
Package babel Info: Redefining dutch shorthand "~
(babel)             in language  on input line 2.
Package babel Info: Redefining dutch shorthand "|
(babel)             in language  on input line 2.
Package babel Info: Redefining dutch shorthand "~
(babel)             in language  on input line 2.
 [6

]
Hoofdstuk 5.
Package babel Info: Redefining dutch shorthand "|
(babel)             in language  on input line 2.
Package babel Info: Redefining dutch shorthand "~
(babel)             in language  on input line 2.
Package babel Info: Redefining dutch shorthand "|
(babel)             in language  on input line 5.
Package babel Info: Redefining dutch shorthand "~
(babel)             in language  on input line 5.

LaTeX Warning: File `tussenstukjePCB.PNG' not found on input line 9.


! Package pdftex.def Error: File `tussenstukjePCB.PNG' not found: using draft s
etting.

See the pdftex.def package documentation for explanation.
Type  H <return>  for immediate help.
 ...                                              
                                                  
l.9 ...[width=0.75\textwidth]{tussenstukjePCB.PNG}
                                                  
? h
Try typing  <return>  to proceed.
If that doesn't work, type  X <return>  to quit.
? x
 
Here is how much of TeX's memory you used:
 10696 strings out of 493303
 163067 string characters out of 3130655
 269151 words of memory out of 3000000
 14046 multiletter control sequences out of 15000+200000
 52118 words of font info for 95 fonts, out of 3000000 for 9000
 1141 hyphenation exceptions out of 8191
 37i,11n,45p,730b,365s stack positions out of 5000i,500n,10000p,200000b,50000s
{C:/Users/Tom/AppData/Local/Programs/MiKTeX 2.9/fonts/enc/dvips/base/8r.enc}<C:
/Users/Tom/AppData/Local/Programs/MiKTeX 2.9/fonts/type1/public/amsfonts/cm/cms
y10.pfb><C:/Users/Tom/AppData/Local/Programs/MiKTeX 2.9/fonts/type1/urw/helveti
c/uhvb8a.pfb><C:/Users/Tom/AppData/Local/Programs/MiKTeX 2.9/fonts/type1/urw/he
lvetic/uhvr8a.pfb>
Output written on thesis.pdf (12 pages, 54310 bytes).
PDF statistics:
 104 PDF objects out of 1000 (max. 8388607)
 24 named destinations out of 1000 (max. 500000)
 6 words of extra memory for PDF output out of 10000 (max. 10000000)

